build/outputs/logs/manifest-merger-debug-report.txt
-- Merging decision tree log ---
manifest
ADDED from workspace\BoraComer\AndroidManifest.xml:2:1-55:12
	package
		ADDED from workspace\BoraComer\AndroidManifest.xml:3:5-31
	android:versionName
		ADDED from workspace\BoraComer\AndroidManifest.xml:5:5-30
		INJECTED from workspace\BoraComer\AndroidManifest.xml
		INJECTED from workspace\BoraComer\AndroidManifest.xml
	android:versionCode
		ADDED from workspace\BoraComer\AndroidManifest.xml:4:5-28
		INJECTED from workspace\BoraComer\AndroidManifest.xml
		INJECTED from workspace\BoraComer\AndroidManifest.xml
	xmlns:android
		ADDED from workspace\BoraComer\AndroidManifest.xml:2:11-69
uses-sdk
ADDED from workspace\BoraComer\AndroidManifest.xml:7:5-9:41
	android:targetSdkVersion
		ADDED from workspace\BoraComer\AndroidManifest.xml:9:9-38
	android:minSdkVersion
		ADDED from workspace\BoraComer\AndroidManifest.xml:8:9-35
application
ADDED from workspace\BoraComer\AndroidManifest.xml:11:5-53:19
	android:label
		ADDED from workspace\BoraComer\AndroidManifest.xml:14:9-41
	android:allowBackup
		ADDED from workspace\BoraComer\AndroidManifest.xml:12:9-35
	android:icon
		ADDED from workspace\BoraComer\AndroidManifest.xml:13:9-45
	android:theme
		ADDED from workspace\BoraComer\AndroidManifest.xml:15:9-40
activity#br.com.boracomer.TelaLoginActivity
ADDED from workspace\BoraComer\AndroidManifest.xml:16:9-24:20
	android:label
		ADDED from workspace\BoraComer\AndroidManifest.xml:18:13-45
	android:name
		ADDED from workspace\BoraComer\AndroidManifest.xml:17:13-46
intent-filter#android.intent.action.MAIN+android.intent.category.LAUNCHER
ADDED from workspace\BoraComer\AndroidManifest.xml:19:13-23:29
action#android.intent.action.MAIN
ADDED from workspace\BoraComer\AndroidManifest.xml:20:17-69
	android:name
		ADDED from workspace\BoraComer\AndroidManifest.xml:20:25-66
category#android.intent.category.LAUNCHER
ADDED from workspace\BoraComer\AndroidManifest.xml:22:17-77
	android:name
		ADDED from workspace\BoraComer\AndroidManifest.xml:22:27-74
activity#br.com.boracomer.CadastroActivity
ADDED from workspace\BoraComer\AndroidManifest.xml:25:9-28:20
	android:label
		ADDED from workspace\BoraComer\AndroidManifest.xml:27:13-60
	android:name
		ADDED from workspace\BoraComer\AndroidManifest.xml:26:13-45
activity#br.com.boracomer.CadUserActivity
ADDED from workspace\BoraComer\AndroidManifest.xml:29:9-32:20
	android:label
		ADDED from workspace\BoraComer\AndroidManifest.xml:31:13-60
	android:name
		ADDED from workspace\BoraComer\AndroidManifest.xml:30:13-44
activity#br.com.boracomer.CadPratoActivity
ADDED from workspace\BoraComer\AndroidManifest.xml:33:9-36:20
	android:label
		ADDED from workspace\BoraComer\AndroidManifest.xml:35:13-61
	android:name
		ADDED from workspace\BoraComer\AndroidManifest.xml:34:13-45
activity#br.com.boracomer.CadProdutoActivity
ADDED from workspace\BoraComer\AndroidManifest.xml:37:9-40:20
	android:label
		ADDED from workspace\BoraComer\AndroidManifest.xml:39:13-63
	android:name
		ADDED from workspace\BoraComer\AndroidManifest.xml:38:13-47
activity#br.com.boracomer.TelaMenuActivity
ADDED from workspace\BoraComer\AndroidManifest.xml:41:9-44:20
	android:label
		ADDED from workspace\BoraComer\AndroidManifest.xml:43:13-61
	android:name
		ADDED from workspace\BoraComer\AndroidManifest.xml:42:13-45
activity#br.com.boracomer.TelaMesaActivity
ADDED from workspace\BoraComer\AndroidManifest.xml:45:9-48:20
	android:label
		ADDED from workspace\BoraComer\AndroidManifest.xml:47:13-61
	android:name
		ADDED from workspace\BoraComer\AndroidManifest.xml:46:13-45
activity#br.com.boracomer.TelaConsultaActivity
ADDED from workspace\BoraComer\AndroidManifest.xml:49:9-52:20
	android:label
		ADDED from workspace\BoraComer\AndroidManifest.xml:51:13-65
	android:name
		ADDED from workspace\BoraComer\AndroidManifest.xml:50:13-49